<?xml version="1.0" encoding="UTF-8" ?>
<testsuite tests="7" failures="0" name="za.ac.wits.calculator.console.app.CalculatorTest" time="0.006" errors="0" skipped="0">
  <properties>
[...]
</properties>
  <testcase classname="za.ac.wits.calculator.console.app.CalculatorTest" name="TestDivisionOperation" time="0.002"/>
  <testcase classname="za.ac.wits.calculator.console.app.CalculatorTest" name="TestDivisionArithmeticError" time="0.003"/>
  <testcase classname="za.ac.wits.calculator.console.app.CalculatorTest" name="TestAddition" time="0"/>
  <testcase classname="za.ac.wits.calculator.console.app.CalculatorTest" name="TestModulusOperation" time="0.001"/>
  <testcase classname="za.ac.wits.calculator.console.app.CalculatorTest" name="TestSubstraction" time="0"/>
  <testcase classname="za.ac.wits.calculator.console.app.CalculatorTest" name="TestModulusArithmeticError" time="0"/>
  <testcase classname="za.ac.wits.calculator.console.app.CalculatorTest" name="TestMultiplication" time="0"/>
</testsuite>